<?xml version="1.0" encoding="UTF-8"?>
<!-- Generated by org.testng.reporters.JUnitReportReporter -->
<testsuite hostname="mahi" failures="0" tests="1" name="testCaseRepo.TC_001" time="28.225" errors="0" timestamp="2025-03-26T14:49:11 IST" skipped="0">
  <testcase classname="testCaseRepo.TC_001" name="LE_001" time="28.225">
    <system-out>
      <![CDATA[LE_001-> on test Start
LE_001-> on test Success]]>
    </system-out>
  </testcase> <!-- LE_001 -->
  <system-out>
    <![CDATA[LE_001-> on test Start
LE_001-> on test Success]]>
  </system-out>
</testsuite> <!-- testCaseRepo.TC_001 -->
