<?xml version="1.0" encoding="UTF-8"?>
<!-- Generated by org.testng.reporters.JUnitReportReporter -->
<testsuite hostname="mahi" failures="0" tests="3" name="sample.TestNGPractice" time="0.015" errors="0" timestamp="2025-03-13T16:11:44 IST" skipped="0">
  <testcase classname="sample.TestNGPractice" name="createUser" time="0.001"/>
  <testcase classname="sample.TestNGPractice" name="createUser" time="0.013"/>
  <testcase classname="sample.TestNGPractice" name="createUser" time="0.001"/>
</testsuite> <!-- sample.TestNGPractice -->
