<?xml version="1.0" encoding="UTF-8"?>
<!-- Generated by org.testng.reporters.JUnitReportReporter -->
<testsuite hostname="mahi" failures="0" tests="1" name="testCaseRepo.TC_003" time="66.425" errors="0" timestamp="2025-03-22T16:04:14 IST" skipped="0">
  <testcase classname="testCaseRepo.TC_003" name="LE_003" time="66.425">
    <system-out>
      <![CDATA[LE_003-> on test Start
LE_003-> on test Success]]>
    </system-out>
  </testcase> <!-- LE_003 -->
  <system-out>
    <![CDATA[LE_003-> on test Start
LE_002-> on test Start
con_002-> on test Start
LE_001-> on test Start
con_003-> on test Start
con_001-> on test Start
LE_001-> on test Failure
con_001-> on test Success
con_002-> on test Success
LE_002-> on test Success
con_003-> on test Success
LE_003-> on test Success]]>
  </system-out>
</testsuite> <!-- testCaseRepo.TC_003 -->
