<?xml version="1.0" encoding="UTF-8"?>
<!-- Generated by org.testng.reporters.JUnitReportReporter -->
<testsuite hostname="mahi" failures="0" tests="1" name="testCaseRepo.TC_002" time="12.058" errors="0" timestamp="2025-03-26T14:59:40 IST" skipped="0">
  <testcase classname="testCaseRepo.TC_002" name="Demo" time="12.058"/>
</testsuite> <!-- testCaseRepo.TC_002 -->
