<?xml version="1.0" encoding="UTF-8"?>
<!-- Generated by org.testng.reporters.JUnitReportReporter -->
<testsuite hostname="mahi" failures="0" tests="1" name="testCaseRepo.TC_004" time="27.892" errors="0" timestamp="2025-03-26T15:23:34 IST" skipped="0">
  <testcase classname="testCaseRepo.TC_004" name="con_001" time="27.892">
    <system-out>
      <![CDATA[con_001-> on test Start
con_001-> on test Success]]>
    </system-out>
  </testcase> <!-- con_001 -->
  <system-out>
    <![CDATA[LE_003-> on test Start
LE_003-> on test Success
Demo-> on test Start
Demo-> on test Success
LE_001-> on test Start
LE_001-> on test Success
con_001-> on test Start
con_001-> on test Success]]>
  </system-out>
</testsuite> <!-- testCaseRepo.TC_004 -->
